This is XeTeX, Version 3.14159265-2.6-0.999991 (TeX Live 2019) (preloaded format=xelatex 2019.5.3)  3 MAY 2019 22:21
entering extended mode
 \write18 enabled.
 %&-line parsing enabled.
**main.tex
(./main.tex
LaTeX2e <2018-12-01>
(./ustcthesis.cls
Document Class: ustcthesis 2017/02/26 v2.1.4 USTC thesis template
(/usr/local/texlive/2019/texmf-dist/tex/latex/oberdiek/kvoptions.sty
Package: kvoptions 2016/05/16 v3.12 Key value format for package options (HO)

(/usr/local/texlive/2019/texmf-dist/tex/latex/graphics/keyval.sty
Package: keyval 2014/10/28 v1.15 key=value parser (DPC)
\KV@toks@=\toks14
)
(/usr/local/texlive/2019/texmf-dist/tex/generic/oberdiek/ltxcmds.sty
Package: ltxcmds 2016/05/16 v1.23 LaTeX kernel commands for general use (HO)
)
(/usr/local/texlive/2019/texmf-dist/tex/generic/oberdiek/kvsetkeys.sty
Package: kvsetkeys 2016/05/16 v1.17 Key value parser (HO)

(/usr/local/texlive/2019/texmf-dist/tex/generic/oberdiek/infwarerr.sty
Package: infwarerr 2016/05/16 v1.4 Providing info/warning/error messages (HO)
)
(/usr/local/texlive/2019/texmf-dist/tex/generic/oberdiek/etexcmds.sty
Package: etexcmds 2016/05/16 v1.6 Avoid name clashes with e-TeX commands (HO)

(/usr/local/texlive/2019/texmf-dist/tex/generic/oberdiek/ifluatex.sty
Package: ifluatex 2016/05/16 v1.4 Provides the ifluatex switch (HO)
Package ifluatex Info: LuaTeX not detected.
))))
(/usr/local/texlive/2019/texmf-dist/tex/latex/ctex/ctexbook.cls
(/usr/local/texlive/2019/texmf-dist/tex/latex/l3kernel/expl3.sty
Package: expl3 2019-04-06 L3 programming layer (loader) 

(/usr/local/texlive/2019/texmf-dist/tex/latex/l3kernel/expl3-code.tex
Package: expl3 2019-04-06 L3 programming layer (code)
\c_max_int=\count80
\l_tmpa_int=\count81
\l_tmpb_int=\count82
\g_tmpa_int=\count83
\g_tmpb_int=\count84
\g__kernel_prg_map_int=\count85
\c__ior_term_ior=\count86
\c_log_iow=\count87
\l_iow_line_count_int=\count88
\l__iow_line_target_int=\count89
\l__iow_one_indent_int=\count90
\l__iow_indent_int=\count91
\c_zero_dim=\dimen102
\c_max_dim=\dimen103
\l_tmpa_dim=\dimen104
\l_tmpb_dim=\dimen105
\g_tmpa_dim=\dimen106
\g_tmpb_dim=\dimen107
\c_zero_skip=\skip41
\c_max_skip=\skip42
\l_tmpa_skip=\skip43
\l_tmpb_skip=\skip44
\g_tmpa_skip=\skip45
\g_tmpb_skip=\skip46
\c_zero_muskip=\muskip10
\c_max_muskip=\muskip11
\l_tmpa_muskip=\muskip12
\l_tmpb_muskip=\muskip13
\g_tmpa_muskip=\muskip14
\g_tmpb_muskip=\muskip15
\l_keys_choice_int=\count92
\l__intarray_loop_int=\count93
\c__intarray_sp_dim=\dimen108
\g__intarray_font_int=\count94
\c__fp_leading_shift_int=\count95
\c__fp_middle_shift_int=\count96
\c__fp_trailing_shift_int=\count97
\c__fp_big_leading_shift_int=\count98
\c__fp_big_middle_shift_int=\count99
\c__fp_big_trailing_shift_int=\count100
\c__fp_Bigg_leading_shift_int=\count101
\c__fp_Bigg_middle_shift_int=\count102
\c__fp_Bigg_trailing_shift_int=\count103
\g__fp_array_int=\count104
\l__fp_array_loop_int=\count105
\l__sort_length_int=\count106
\l__sort_min_int=\count107
\l__sort_top_int=\count108
\l__sort_max_int=\count109
\l__sort_true_max_int=\count110
\l__sort_block_int=\count111
\l__sort_begin_int=\count112
\l__sort_end_int=\count113
\l__sort_A_int=\count114
\l__sort_B_int=\count115
\l__sort_C_int=\count116
\l__tl_analysis_normal_int=\count117
\l__tl_analysis_index_int=\count118
\l__tl_analysis_nesting_int=\count119
\l__tl_analysis_type_int=\count120
\l__regex_internal_a_int=\count121
\l__regex_internal_b_int=\count122
\l__regex_internal_c_int=\count123
\l__regex_balance_int=\count124
\l__regex_group_level_int=\count125
\l__regex_mode_int=\count126
\c__regex_cs_in_class_mode_int=\count127
\c__regex_cs_mode_int=\count128
\l__regex_catcodes_int=\count129
\l__regex_default_catcodes_int=\count130
\c__regex_catcode_L_int=\count131
\c__regex_catcode_O_int=\count132
\c__regex_catcode_A_int=\count133
\c__regex_all_catcodes_int=\count134
\l__regex_show_lines_int=\count135
\l__regex_min_state_int=\count136
\l__regex_max_state_int=\count137
\l__regex_left_state_int=\count138
\l__regex_right_state_int=\count139
\l__regex_capturing_group_int=\count140
\l__regex_min_pos_int=\count141
\l__regex_max_pos_int=\count142
\l__regex_curr_pos_int=\count143
\l__regex_start_pos_int=\count144
\l__regex_success_pos_int=\count145
\l__regex_curr_char_int=\count146
\l__regex_curr_catcode_int=\count147
\l__regex_last_char_int=\count148
\l__regex_case_changed_char_int=\count149
\l__regex_curr_state_int=\count150
\l__regex_step_int=\count151
\l__regex_min_active_int=\count152
\l__regex_max_active_int=\count153
\l__regex_replacement_csnames_int=\count154
\l__regex_match_count_int=\count155
\l__regex_min_submatch_int=\count156
\l__regex_submatch_int=\count157
\l__regex_zeroth_submatch_int=\count158
\g__regex_trace_regex_int=\count159
\c_empty_box=\box27
\l_tmpa_box=\box28
\l_tmpb_box=\box29
\g_tmpa_box=\box30
\g_tmpb_box=\box31
\l__box_top_dim=\dimen109
\l__box_bottom_dim=\dimen110
\l__box_left_dim=\dimen111
\l__box_right_dim=\dimen112
\l__box_top_new_dim=\dimen113
\l__box_bottom_new_dim=\dimen114
\l__box_left_new_dim=\dimen115
\l__box_right_new_dim=\dimen116
\l__box_internal_box=\box32
\l__coffin_internal_box=\box33
\l__coffin_internal_dim=\dimen117
\l__coffin_offset_x_dim=\dimen118
\l__coffin_offset_y_dim=\dimen119
\l__coffin_x_dim=\dimen120
\l__coffin_y_dim=\dimen121
\l__coffin_x_prime_dim=\dimen122
\l__coffin_y_prime_dim=\dimen123
\c_empty_coffin=\box34
\l__coffin_aligned_coffin=\box35
\l__coffin_aligned_internal_coffin=\box36
\l_tmpa_coffin=\box37
\l_tmpb_coffin=\box38
\g_tmpa_coffin=\box39
\g_tmpb_coffin=\box40
\l__coffin_bounding_shift_dim=\dimen124
\l__coffin_left_corner_dim=\dimen125
\l__coffin_right_corner_dim=\dimen126
\l__coffin_bottom_corner_dim=\dimen127
\l__coffin_top_corner_dim=\dimen128
\l__coffin_scaled_total_height_dim=\dimen129
\l__coffin_scaled_width_dim=\dimen130
\c__coffin_empty_coffin=\box41
\l__coffin_display_coffin=\box42
\l__coffin_display_coord_coffin=\box43
\l__coffin_display_pole_coffin=\box44
\l__coffin_display_offset_dim=\dimen131
\l__coffin_display_x_dim=\dimen132
\l__coffin_display_y_dim=\dimen133
\g__file_internal_ior=\read1
\l__seq_internal_a_int=\count160
\l__seq_internal_b_int=\count161
\c__deprecation_minus_one=\count162
)
(/usr/local/texlive/2019/texmf-dist/tex/latex/l3kernel/l3xdvipdfmx.def
File: l3xdvipdfmx.def 2019-04-06 v L3 Experimental driver: xdvipdfmx
\g__driver_image_int=\count163
\g__driver_pdf_object_int=\count164
))
Document Class: ctexbook 2019/04/07 v2.4.15 Chinese adapter for class book (CTE
X)
(/usr/local/texlive/2019/texmf-dist/tex/latex/l3packages/xparse/xparse.sty
Package: xparse 2019-03-05 L3 Experimental document command parser
\l__xparse_current_arg_int=\count165
\g__xparse_grabber_int=\count166
\l__xparse_m_args_int=\count167
\l__xparse_v_nesting_int=\count168
)
(/usr/local/texlive/2019/texmf-dist/tex/latex/l3packages/l3keys2e/l3keys2e.sty
Package: l3keys2e 2019-03-05 LaTeX2e option processing using LaTeX3 keys
) (/usr/local/texlive/2019/texmf-dist/tex/latex/ctex/ctexhook.sty
Package: ctexhook 2019/04/07 v2.4.15 Document and package hooks (CTEX)
)
(/usr/local/texlive/2019/texmf-dist/tex/latex/ctex/ctexpatch.sty
Package: ctexpatch 2019/04/07 v2.4.15 Patching commands (CTEX)
)
(/usr/local/texlive/2019/texmf-dist/tex/latex/base/fix-cm.sty
Package: fix-cm 2015/01/14 v1.1t fixes to LaTeX

(/usr/local/texlive/2019/texmf-dist/tex/latex/base/ts1enc.def
File: ts1enc.def 2001/06/05 v3.0e (jk/car/fm) Standard LaTeX file
))
(/usr/local/texlive/2019/texmf-dist/tex/latex/ms/everysel.sty
Package: everysel 2011/10/28 v1.2 EverySelectfont Package (MS)
)
\l__ctex_tmp_int=\count169
\l__ctex_tmp_box=\box45
\l__ctex_tmp_dim=\dimen134
\g__ctex_section_depth_int=\count170
\g__ctex_font_size_int=\count171

(/usr/local/texlive/2019/texmf-dist/tex/latex/ctex/config/ctexopts.cfg
File: ctexopts.cfg 2019/04/07 v2.4.15 Option configuration file (CTEX)
)
(/usr/local/texlive/2019/texmf-dist/tex/latex/base/book.cls
Document Class: book 2018/09/03 v1.4i Standard LaTeX document class
(/usr/local/texlive/2019/texmf-dist/tex/latex/base/bk12.clo
File: bk12.clo 2018/09/03 v1.4i Standard LaTeX file (size option)
)
\c@part=\count172
\c@chapter=\count173
\c@section=\count174
\c@subsection=\count175
\c@subsubsection=\count176
\c@paragraph=\count177
\c@subparagraph=\count178
\c@figure=\count179
\c@table=\count180
\abovecaptionskip=\skip47
\belowcaptionskip=\skip48
\bibindent=\dimen135
)
(/usr/local/texlive/2019/texmf-dist/tex/latex/ctex/engine/ctex-engine-xetex.def
File: ctex-engine-xetex.def 2019/04/07 v2.4.15 XeLaTeX adapter (CTEX)
(/usr/local/texlive/2019/texmf-dist/tex/xelatex/xecjk/xeCJK.sty
Package: xeCJK 2019/04/07 v3.7.2 Typesetting CJK scripts with XeLaTeX

(/usr/local/texlive/2019/texmf-dist/tex/latex/l3packages/xtemplate/xtemplate.st
y
Package: xtemplate 2019-03-05 L3 Experimental prototype document functions
\l__xtemplate_tmp_dim=\dimen136
\l__xtemplate_tmp_int=\count181
\l__xtemplate_tmp_muskip=\muskip16
\l__xtemplate_tmp_skip=\skip49
)
\l__xeCJK_tmp_int=\count182
\l__xeCJK_tmp_box=\box46
\l__xeCJK_tmp_dim=\dimen137
\l__xeCJK_tmp_skip=\skip50
\g__xeCJK_space_factor_int=\count183
\l__xeCJK_begin_int=\count184
\l__xeCJK_end_int=\count185
\c__xeCJK_CJK_class_int=\XeTeXcharclass1
\c__xeCJK_FullLeft_class_int=\XeTeXcharclass2
\c__xeCJK_FullRight_class_int=\XeTeXcharclass3
\c__xeCJK_HalfLeft_class_int=\XeTeXcharclass4
\c__xeCJK_HalfRight_class_int=\XeTeXcharclass5
\c__xeCJK_NormalSpace_class_int=\XeTeXcharclass6
\c__xeCJK_CM_class_int=\XeTeXcharclass7
\c__xeCJK_HangulJamo_class_int=\XeTeXcharclass8
\l__xeCJK_last_skip=\skip51
\g__xeCJK_node_int=\count186
\c__xeCJK_CJK_node_dim=\dimen138
\c__xeCJK_CJK-space_node_dim=\dimen139
\c__xeCJK_default_node_dim=\dimen140
\c__xeCJK_default-space_node_dim=\dimen141
\c__xeCJK_CJK-widow_node_dim=\dimen142
\c__xeCJK_normalspace_node_dim=\dimen143
\l__xeCJK_ccglue_skip=\skip52
\l__xeCJK_ecglue_skip=\skip53
\l__xeCJK_punct_kern_skip=\skip54
\l__xeCJK_last_penalty_int=\count187
\l__xeCJK_last_bound_dim=\dimen144
\l__xeCJK_last_kern_dim=\dimen145
\l__xeCJK_widow_penalty_int=\count188

Package xtemplate Info: Declaring object type 'xeCJK/punctuation' taking 0
(xtemplate)             argument(s) on line 2352.

\l__xeCJK_fixed_punct_width_dim=\dimen146
\l__xeCJK_mixed_punct_width_dim=\dimen147
\l__xeCJK_middle_punct_width_dim=\dimen148
\l__xeCJK_fixed_margin_width_dim=\dimen149
\l__xeCJK_mixed_margin_width_dim=\dimen150
\l__xeCJK_middle_margin_width_dim=\dimen151
\l__xeCJK_bound_punct_width_dim=\dimen152
\l__xeCJK_bound_margin_width_dim=\dimen153
\l__xeCJK_margin_minimum_dim=\dimen154
\l__xeCJK_kerning_total_width_dim=\dimen155
\l__xeCJK_same_align_margin_dim=\dimen156
\l__xeCJK_different_align_margin_dim=\dimen157
\l__xeCJK_kerning_margin_width_dim=\dimen158
\l__xeCJK_kerning_margin_minimum_dim=\dimen159
\l__xeCJK_bound_dim=\dimen160
\l__xeCJK_reverse_bound_dim=\dimen161
\l__xeCJK_minimum_bound_dim=\dimen162
\l__xeCJK_kerning_margin_dim=\dimen163
\l__xeCJK_original_margin_dim=\dimen164
\g__xeCJK_family_int=\count189
\l__xeCJK_fam_int=\count190
\g__xeCJK_fam_allocation_int=\count191
\l__xeCJK_verb_case_int=\count192
\l__xeCJK_verb_exspace_skip=\skip55
 (/usr/local/texlive/2019/texmf-dist/tex/latex/fontspec/fontspec.sty
Package: fontspec 2019/03/15 v2.7c Font selection for XeLaTeX and LuaLaTeX

(/usr/local/texlive/2019/texmf-dist/tex/latex/fontspec/fontspec-xetex.sty
Package: fontspec-xetex 2019/03/15 v2.7c Font selection for XeLaTeX and LuaLaTe
X
\l__fontspec_script_int=\count193
\l__fontspec_language_int=\count194
\l__fontspec_strnum_int=\count195
\l__fontspec_tmp_int=\count196
\l__fontspec_tmpa_int=\count197
\l__fontspec_tmpb_int=\count198
\l__fontspec_tmpc_int=\count199
\l__fontspec_em_int=\count266
\l__fontspec_emdef_int=\count267
\l__fontspec_strong_int=\count268
\l__fontspec_strongdef_int=\count269
\l__fontspec_tmpa_dim=\dimen165
\l__fontspec_tmpb_dim=\dimen166
\l__fontspec_tmpc_dim=\dimen167

(/usr/local/texlive/2019/texmf-dist/tex/latex/base/fontenc.sty
Package: fontenc 2018/08/11 v2.0j Standard LaTeX package

(/usr/local/texlive/2019/texmf-dist/tex/latex/base/tuenc.def
File: tuenc.def 2018/08/11 v2.0j Standard LaTeX file
LaTeX Font Info:    Redeclaring font encoding TU on input line 82.
))
(/usr/local/texlive/2019/texmf-dist/tex/latex/fontspec/fontspec.cfg)
LaTeX Info: Redefining \itshape on input line 4051.
LaTeX Info: Redefining \slshape on input line 4056.
LaTeX Info: Redefining \scshape on input line 4061.
LaTeX Info: Redefining \upshape on input line 4066.
LaTeX Info: Redefining \em on input line 4096.
LaTeX Info: Redefining \emph on input line 4121.
))
(/usr/local/texlive/2019/texmf-dist/tex/xelatex/xecjk/xeCJK.cfg
File: xeCJK.cfg 2019/04/07 v3.7.2 Configuration file for xeCJK package
))
(/usr/local/texlive/2019/texmf-dist/tex/xelatex/xecjk/xeCJKfntef.sty
Package: xeCJKfntef 2019/04/07 v3.7.2 xeCJK font effect

(/usr/local/texlive/2019/texmf-dist/tex/generic/ulem/ulem.sty
\UL@box=\box47
\UL@hyphenbox=\box48
\UL@skip=\skip56
\UL@hook=\toks15
\UL@height=\dimen168
\UL@pe=\count270
\UL@pixel=\dimen169
\ULC@box=\box49
Package: ulem 2012/05/18
\ULdepth=\dimen170
)
(/usr/local/texlive/2019/texmf-dist/tex/latex/cjk/texinput/CJKfntef.sty
Package: CJKfntef 2015/04/18 4.8.4
\CJK@fntefSkip=\skip57
\CJK@nest=\count271
\CJK@fntefDimen=\dimen171
\CJK@underdotBox=\box50
\CJK@ULbox=\box51
\CJK@underanyskip=\dimen172
)
\l__xeCJK_space_skip=\skip58
\c__xeCJK_ulem-begin_node_dim=\dimen173
\c__xeCJK_null_box=\box52
\l__xeCJK_fntef_box=\box53
\l__xeCJK_under_symbol_box=\box54
\c__xeCJK_filll_skip=\skip59
)
\ccwd=\dimen174
\l__ctex_ccglue_skip=\skip60
)
\l__ctex_ziju_dim=\dimen175

(/usr/local/texlive/2019/texmf-dist/tex/latex/zhnumber/zhnumber.sty
Package: zhnumber 2019/04/07 v2.7 Typesetting numbers with Chinese glyphs
\l__zhnum_scale_int=\count272

(/usr/local/texlive/2019/texmf-dist/tex/latex/zhnumber/zhnumber-utf8.cfg
File: zhnumber-utf8.cfg 2019/04/07 v2.7 Chinese numerals with UTF8 encoding
))
\l__ctex_heading_skip=\skip61

(/usr/local/texlive/2019/texmf-dist/tex/latex/ctex/scheme/ctex-scheme-chinese-b
ook.def
File: ctex-scheme-chinese-book.def 2019/04/07 v2.4.15 Chinese scheme for book (
CTEX)

(/usr/local/texlive/2019/texmf-dist/tex/latex/ctex/config/ctex-name-utf8.cfg
File: ctex-name-utf8.cfg 2019/04/07 v2.4.15 Caption with encoding UTF8 (CTEX)
))
(/usr/local/texlive/2019/texmf-dist/tex/latex/ctex/ctex-cs4size.clo
File: ctex-cs4size.clo 2019/04/07 v2.4.15 cs4size option (CTEX)
)
(/usr/local/texlive/2019/texmf-dist/tex/latex/ctex/fontset/ctex-fontset-mac.def
File: ctex-fontset-mac.def 2019/04/07 v2.4.15 Mac OS X fonts definition (CTEX)

(/usr/local/texlive/2019/texmf-dist/tex/latex/ctex/fontset/ctex-fontset-macnew.
def
File: ctex-fontset-macnew.def 2019/04/07 v2.4.15 Mac OS X fonts definition for 
El Capitan or later version (CTEX)


Package fontspec Warning: Font "Songti SC Light" does not contain requested
(fontspec)                Script "CJK".


Package fontspec Info: Font family 'SongtiSC(0)' created for font 'Songti SC'
(fontspec)             with options [Script={CJK},UprightFont={*
(fontspec)             Light},BoldItalicFont={Kaiti SC Bold},BoldFont={*
(fontspec)             Bold},ItalicFont={Kaiti SC}].
(fontspec)              
(fontspec)              This font family consists of the following NFSS
(fontspec)             series/shapes:
(fontspec)              
(fontspec)             - 'normal' (m/n) with NFSS spec.: <->"Songti SC
(fontspec)             Light/OT"
(fontspec)             - 'small caps'  (m/sc) with NFSS spec.: 
(fontspec)             - 'bold' (bx/n) with NFSS spec.: <->"Songti SC Bold/OT"
(fontspec)             - 'bold small caps'  (bx/sc) with NFSS spec.: 
(fontspec)             - 'italic' (m/it) with NFSS spec.: <->"Kaiti SC/OT"
(fontspec)             - 'italic small caps'  (m/itsc) with NFSS spec.: 
(fontspec)             - 'bold italic' (bx/it) with NFSS spec.: <->"Kaiti SC
(fontspec)             Bold/OT"
(fontspec)             - 'bold italic small caps'  (bx/itsc) with NFSS spec.: 

))) (/usr/local/texlive/2019/texmf-dist/tex/latex/ctex/config/ctex.cfg
File: ctex.cfg 2019/04/07 v2.4.15 Configuration file (CTEX)
)

Package fontspec Info: Font family 'TimesNewRoman(0)' created for font 'Times
(fontspec)             New Roman' with options [Ligatures=TeX].
(fontspec)              
(fontspec)              This font family consists of the following NFSS
(fontspec)             series/shapes:
(fontspec)              
(fontspec)             - 'normal' (m/n) with NFSS spec.: <->"Times New
(fontspec)             Roman/OT:script=latn;language=DFLT;mapping=tex-text;"
(fontspec)             - 'small caps'  (m/sc) with NFSS spec.: 
(fontspec)             - 'bold' (bx/n) with NFSS spec.: <->"Times New
(fontspec)             Roman/B/OT:script=latn;language=DFLT;mapping=tex-text;"
(fontspec)             - 'bold small caps'  (bx/sc) with NFSS spec.: 
(fontspec)             - 'italic' (m/it) with NFSS spec.: <->"Times New
(fontspec)             Roman/I/OT:script=latn;language=DFLT;mapping=tex-text;"
(fontspec)             - 'italic small caps'  (m/itsc) with NFSS spec.: 
(fontspec)             - 'bold italic' (bx/it) with NFSS spec.: <->"Times New
(fontspec)             Roman/BI/OT:script=latn;language=DFLT;mapping=tex-text;"

(fontspec)             - 'bold italic small caps'  (bx/itsc) with NFSS spec.: 

LaTeX Info: Redefining \rmfamily on input line 67.

Package fontspec Info: Font family 'Arial(0)' created for font 'Arial' with
(fontspec)             options [Ligatures=TeX].
(fontspec)              
(fontspec)              This font family consists of the following NFSS
(fontspec)             series/shapes:
(fontspec)              
(fontspec)             - 'normal' (m/n) with NFSS spec.:
(fontspec)             <->"Arial/OT:script=latn;language=DFLT;mapping=tex-text;
"
(fontspec)             - 'small caps'  (m/sc) with NFSS spec.: 
(fontspec)             - 'bold' (bx/n) with NFSS spec.:
(fontspec)             <->"Arial/B/OT:script=latn;language=DFLT;mapping=tex-tex
t;"
(fontspec)             - 'bold small caps'  (bx/sc) with NFSS spec.: 
(fontspec)             - 'italic' (m/it) with NFSS spec.:
(fontspec)             <->"Arial/I/OT:script=latn;language=DFLT;mapping=tex-tex
t;"
(fontspec)             - 'italic small caps'  (m/itsc) with NFSS spec.: 
(fontspec)             - 'bold italic' (bx/it) with NFSS spec.:
(fontspec)             <->"Arial/BI/OT:script=latn;language=DFLT;mapping=tex-te
xt;"
(fontspec)             - 'bold italic small caps'  (bx/itsc) with NFSS spec.: 

LaTeX Info: Redefining \sffamily on input line 68.

Package fontspec Info: Font family 'CourierNew(0)' created for font 'Courier
(fontspec)             New' with options
(fontspec)             [WordSpace={1,0,0},HyphenChar=None,PunctuationSpace=Word
Space].
(fontspec)              
(fontspec)              This font family consists of the following NFSS
(fontspec)             series/shapes:
(fontspec)              
(fontspec)             - 'normal' (m/n) with NFSS spec.: <->"Courier
(fontspec)             New/OT:script=latn;language=DFLT;"
(fontspec)             - 'small caps'  (m/sc) with NFSS spec.: 
(fontspec)             and font adjustment code:
(fontspec)             \fontdimen 2\font =1\fontdimen 2\font \fontdimen 3\font
(fontspec)             =0\fontdimen 3\font \fontdimen 4\font =0\fontdimen
(fontspec)             4\font \fontdimen 7\font =0\fontdimen 2\font
(fontspec)             \tex_hyphenchar:D \font =-1\scan_stop: 
(fontspec)             - 'bold' (bx/n) with NFSS spec.: <->"Courier
(fontspec)             New/B/OT:script=latn;language=DFLT;"
(fontspec)             - 'bold small caps'  (bx/sc) with NFSS spec.: 
(fontspec)             and font adjustment code:
(fontspec)             \fontdimen 2\font =1\fontdimen 2\font \fontdimen 3\font
(fontspec)             =0\fontdimen 3\font \fontdimen 4\font =0\fontdimen
(fontspec)             4\font \fontdimen 7\font =0\fontdimen 2\font
(fontspec)             \tex_hyphenchar:D \font =-1\scan_stop: 
(fontspec)             - 'italic' (m/it) with NFSS spec.: <->"Courier
(fontspec)             New/I/OT:script=latn;language=DFLT;"
(fontspec)             - 'italic small caps'  (m/itsc) with NFSS spec.: 
(fontspec)             and font adjustment code:
(fontspec)             \fontdimen 2\font =1\fontdimen 2\font \fontdimen 3\font
(fontspec)             =0\fontdimen 3\font \fontdimen 4\font =0\fontdimen
(fontspec)             4\font \fontdimen 7\font =0\fontdimen 2\font
(fontspec)             \tex_hyphenchar:D \font =-1\scan_stop: 
(fontspec)             - 'bold italic' (bx/it) with NFSS spec.: <->"Courier
(fontspec)             New/BI/OT:script=latn;language=DFLT;"
(fontspec)             - 'bold italic small caps'  (bx/itsc) with NFSS spec.: 
(fontspec)             and font adjustment code:
(fontspec)             \fontdimen 2\font =1\fontdimen 2\font \fontdimen 3\font
(fontspec)             =0\fontdimen 3\font \fontdimen 4\font =0\fontdimen
(fontspec)             4\font \fontdimen 7\font =0\fontdimen 2\font
(fontspec)             \tex_hyphenchar:D \font =-1\scan_stop: 

LaTeX Info: Redefining \ttfamily on input line 69.

(/usr/local/texlive/2019/texmf-dist/tex/latex/hyperref/hyperref.sty
Package: hyperref 2018/11/30 v6.88e Hypertext links for LaTeX

(/usr/local/texlive/2019/texmf-dist/tex/generic/oberdiek/hobsub-hyperref.sty
Package: hobsub-hyperref 2016/05/16 v1.14 Bundle oberdiek, subset hyperref (HO)


(/usr/local/texlive/2019/texmf-dist/tex/generic/oberdiek/hobsub-generic.sty
Package: hobsub-generic 2016/05/16 v1.14 Bundle oberdiek, subset generic (HO)
Package: hobsub 2016/05/16 v1.14 Construct package bundles (HO)
Package hobsub Info: Skipping package `infwarerr' (already loaded).
Package hobsub Info: Skipping package `ltxcmds' (already loaded).
Package hobsub Info: Skipping package `ifluatex' (already loaded).
Package: ifvtex 2016/05/16 v1.6 Detect VTeX and its facilities (HO)
Package ifvtex Info: VTeX not detected.
Package: intcalc 2016/05/16 v1.2 Expandable calculations with integers (HO)
Package: ifpdf 2018/09/07 v3.3 Provides the ifpdf switch
Package hobsub Info: Skipping package `etexcmds' (already loaded).
Package hobsub Info: Skipping package `kvsetkeys' (already loaded).
Package: kvdefinekeys 2016/05/16 v1.4 Define keys (HO)
Package: pdftexcmds 2018/09/10 v0.29 Utility functions of pdfTeX for LuaTeX (HO
)
Package pdftexcmds Info: LuaTeX not detected.
Package pdftexcmds Info: pdfTeX >= 1.30 not detected.
Package pdftexcmds Info: \pdf@primitive is available.
Package pdftexcmds Info: \pdf@ifprimitive is available.
Package pdftexcmds Info: \pdfdraftmode not found.
Package: pdfescape 2016/05/16 v1.14 Implements pdfTeX's escape features (HO)
Package: bigintcalc 2016/05/16 v1.4 Expandable calculations on big integers (HO
)
Package: bitset 2016/05/16 v1.2 Handle bit-vector datatype (HO)
Package: uniquecounter 2016/05/16 v1.3 Provide unlimited unique counter (HO)
)
Package hobsub Info: Skipping package `hobsub' (already loaded).
Package: letltxmacro 2016/05/16 v1.5 Let assignment for LaTeX macros (HO)
Package: hopatch 2016/05/16 v1.3 Wrapper for package hooks (HO)
Package: xcolor-patch 2016/05/16 xcolor patch
Package: atveryend 2016/05/16 v1.9 Hooks at the very end of document (HO)
Package atveryend Info: \enddocument detected (standard20110627).
Package: atbegshi 2016/06/09 v1.18 At begin shipout hook (HO)
Package: refcount 2016/05/16 v3.5 Data extraction from label references (HO)
Package: hycolor 2016/05/16 v1.8 Color options for hyperref/bookmark (HO)
)
(/usr/local/texlive/2019/texmf-dist/tex/generic/ifxetex/ifxetex.sty
Package: ifxetex 2010/09/12 v0.6 Provides ifxetex conditional
)
(/usr/local/texlive/2019/texmf-dist/tex/latex/oberdiek/auxhook.sty
Package: auxhook 2016/05/16 v1.4 Hooks for auxiliary files (HO)
)
\@linkdim=\dimen176
\Hy@linkcounter=\count273
\Hy@pagecounter=\count274

(/usr/local/texlive/2019/texmf-dist/tex/latex/hyperref/pd1enc.def
File: pd1enc.def 2018/11/30 v6.88e Hyperref: PDFDocEncoding definition (HO)
)
\Hy@SavedSpaceFactor=\count275

(/usr/local/texlive/2019/texmf-dist/tex/latex/latexconfig/hyperref.cfg
File: hyperref.cfg 2002/06/06 v1.2 hyperref configuration of TeXLive
)
Package hyperref Info: Option `unicode' set `true' on input line 4393.

(/usr/local/texlive/2019/texmf-dist/tex/latex/hyperref/puenc.def
File: puenc.def 2018/11/30 v6.88e Hyperref: PDF Unicode definition (HO)
)
Package hyperref Info: Hyper figures OFF on input line 4519.
Package hyperref Info: Link nesting OFF on input line 4524.
Package hyperref Info: Hyper index ON on input line 4527.
Package hyperref Info: Plain pages OFF on input line 4534.
Package hyperref Info: Backreferencing OFF on input line 4539.
Package hyperref Info: Implicit mode ON; LaTeX internals redefined.
Package hyperref Info: Bookmarks ON on input line 4772.
\c@Hy@tempcnt=\count276

(/usr/local/texlive/2019/texmf-dist/tex/latex/url/url.sty
\Urlmuskip=\muskip17
Package: url 2013/09/16  ver 3.4  Verb mode for urls, etc.
)
LaTeX Info: Redefining \url on input line 5125.
\XeTeXLinkMargin=\dimen177
\Fld@menulength=\count277
\Field@Width=\dimen178
\Fld@charsize=\dimen179
Package hyperref Info: Hyper figures OFF on input line 6380.
Package hyperref Info: Link nesting OFF on input line 6385.
Package hyperref Info: Hyper index ON on input line 6388.
Package hyperref Info: backreferencing OFF on input line 6395.
Package hyperref Info: Link coloring OFF on input line 6400.
Package hyperref Info: Link coloring with OCG OFF on input line 6405.
Package hyperref Info: PDF/A mode OFF on input line 6410.
LaTeX Info: Redefining \ref on input line 6450.
LaTeX Info: Redefining \pageref on input line 6454.
\Hy@abspage=\count278
\c@Item=\count279
\c@Hfootnote=\count280
)
Package hyperref Info: Driver (autodetected): hxetex.

(/usr/local/texlive/2019/texmf-dist/tex/latex/hyperref/hxetex.def
File: hxetex.def 2018/11/30 v6.88e Hyperref driver for XeTeX

(/usr/local/texlive/2019/texmf-dist/tex/generic/oberdiek/stringenc.sty
Package: stringenc 2016/05/16 v1.11 Convert strings between diff. encodings (HO
)
)
\pdfm@box=\box55
\c@Hy@AnnotLevel=\count281
\HyField@AnnotCount=\count282
\Fld@listcount=\count283
\c@bookmark@seq@number=\count284

(/usr/local/texlive/2019/texmf-dist/tex/latex/oberdiek/rerunfilecheck.sty
Package: rerunfilecheck 2016/05/16 v1.8 Rerun checks for auxiliary files (HO)
Package uniquecounter Info: New unique counter `rerunfilecheck' on input line 2
82.
)
\Hy@SectionHShift=\skip62
)
Package hyperref Info: Option `bookmarksopen' set `true' on input line 78.
Package hyperref Info: Option `bookmarksnumbered' set `true' on input line 78.
Package hyperref Info: Option `CJKbookmarks' set `true' on input line 78.
Package hyperref Info: Option `unicode' set `true' on input line 78.

(/usr/local/texlive/2019/texmf-dist/tex/latex/geometry/geometry.sty
Package: geometry 2018/04/16 v5.8 Page Geometry
\Gm@cnth=\count285
\Gm@cntv=\count286
\c@Gm@tempcnt=\count287
\Gm@bindingoffset=\dimen180
\Gm@wd@mp=\dimen181
\Gm@odd@mp=\dimen182
\Gm@even@mp=\dimen183
\Gm@layoutwidth=\dimen184
\Gm@layoutheight=\dimen185
\Gm@layouthoffset=\dimen186
\Gm@layoutvoffset=\dimen187
\Gm@dimlist=\toks16
)
(/usr/local/texlive/2019/texmf-dist/tex/latex/titlesec/titlesec.sty
Package: titlesec 2016/03/21 v2.10.2 Sectioning titles
\ttl@box=\box56
\beforetitleunit=\skip63
\aftertitleunit=\skip64
\ttl@plus=\dimen188
\ttl@minus=\dimen189
\ttl@toksa=\toks17
\titlewidth=\dimen190
\titlewidthlast=\dimen191
\titlewidthfirst=\dimen192

(/usr/local/texlive/2019/texmf-dist/tex/latex/titlesec/ttlps.def
File: ttlps.def 2016/03/15
))
(/usr/local/texlive/2019/texmf-dist/tex/latex/pgf/frontendlayer/tikz.sty
(/usr/local/texlive/2019/texmf-dist/tex/latex/pgf/basiclayer/pgf.sty
(/usr/local/texlive/2019/texmf-dist/tex/latex/pgf/utilities/pgfrcs.sty
(/usr/local/texlive/2019/texmf-dist/tex/generic/pgf/utilities/pgfutil-common.te
x
\pgfutil@everybye=\toks18
\pgfutil@tempdima=\dimen193
\pgfutil@tempdimb=\dimen194

(/usr/local/texlive/2019/texmf-dist/tex/generic/pgf/utilities/pgfutil-common-li
sts.tex))
(/usr/local/texlive/2019/texmf-dist/tex/generic/pgf/utilities/pgfutil-latex.def
\pgfutil@abb=\box57
(/usr/local/texlive/2019/texmf-dist/tex/latex/ms/everyshi.sty
Package: everyshi 2001/05/15 v3.00 EveryShipout Package (MS)
))
(/usr/local/texlive/2019/texmf-dist/tex/generic/pgf/utilities/pgfrcs.code.tex
(/usr/local/texlive/2019/texmf-dist/tex/generic/pgf/pgf.revision.tex)
Package: pgfrcs 2019/02/02 v3.1.1 (3.1.1)
))
Package: pgf 2019/02/02 v3.1.1 (3.1.1)

(/usr/local/texlive/2019/texmf-dist/tex/latex/pgf/basiclayer/pgfcore.sty
(/usr/local/texlive/2019/texmf-dist/tex/latex/graphics/graphicx.sty
Package: graphicx 2017/06/01 v1.1a Enhanced LaTeX Graphics (DPC,SPQR)

(/usr/local/texlive/2019/texmf-dist/tex/latex/graphics/graphics.sty
Package: graphics 2017/06/25 v1.2c Standard LaTeX Graphics (DPC,SPQR)

(/usr/local/texlive/2019/texmf-dist/tex/latex/graphics/trig.sty
Package: trig 2016/01/03 v1.10 sin cos tan (DPC)
)
(/usr/local/texlive/2019/texmf-dist/tex/latex/graphics-cfg/graphics.cfg
File: graphics.cfg 2016/06/04 v1.11 sample graphics configuration
)
Package graphics Info: Driver file: xetex.def on input line 99.

(/usr/local/texlive/2019/texmf-dist/tex/latex/graphics-def/xetex.def
File: xetex.def 2017/06/24 v5.0h Graphics/color driver for xetex
))
\Gin@req@height=\dimen195
\Gin@req@width=\dimen196
)
(/usr/local/texlive/2019/texmf-dist/tex/latex/pgf/systemlayer/pgfsys.sty
(/usr/local/texlive/2019/texmf-dist/tex/generic/pgf/systemlayer/pgfsys.code.tex
Package: pgfsys 2019/02/02 v3.1.1 (3.1.1)
(/usr/local/texlive/2019/texmf-dist/tex/generic/pgf/utilities/pgfkeys.code.tex
\pgfkeys@pathtoks=\toks19
\pgfkeys@temptoks=\toks20

(/usr/local/texlive/2019/texmf-dist/tex/generic/pgf/utilities/pgfkeysfiltered.c
ode.tex
\pgfkeys@tmptoks=\toks21
))
\pgf@x=\dimen197
\pgf@y=\dimen198
\pgf@xa=\dimen199
\pgf@ya=\dimen256
\pgf@xb=\dimen257
\pgf@yb=\dimen258
\pgf@xc=\dimen259
\pgf@yc=\dimen260
\w@pgf@writea=\write3
\r@pgf@reada=\read2
\c@pgf@counta=\count288
\c@pgf@countb=\count289
\c@pgf@countc=\count290
\c@pgf@countd=\count291
\t@pgf@toka=\toks22
\t@pgf@tokb=\toks23
\t@pgf@tokc=\toks24
\pgf@sys@id@count=\count292

(/usr/local/texlive/2019/texmf-dist/tex/generic/pgf/systemlayer/pgf.cfg
File: pgf.cfg 2019/02/02 v3.1.1 (3.1.1)
)
Driver file for pgf: pgfsys-xetex.def

(/usr/local/texlive/2019/texmf-dist/tex/generic/pgf/systemlayer/pgfsys-xetex.de
f
File: pgfsys-xetex.def 2019/02/02 v3.1.1 (3.1.1)

(/usr/local/texlive/2019/texmf-dist/tex/generic/pgf/systemlayer/pgfsys-dvipdfmx
.def
File: pgfsys-dvipdfmx.def 2019/02/02 v3.1.1 (3.1.1)

(/usr/local/texlive/2019/texmf-dist/tex/generic/pgf/systemlayer/pgfsys-common-p
df.def
File: pgfsys-common-pdf.def 2019/02/02 v3.1.1 (3.1.1)
)
\pgfsys@objnum=\count293
)))
(/usr/local/texlive/2019/texmf-dist/tex/generic/pgf/systemlayer/pgfsyssoftpath.
code.tex
File: pgfsyssoftpath.code.tex 2019/02/02 v3.1.1 (3.1.1)
\pgfsyssoftpath@smallbuffer@items=\count294
\pgfsyssoftpath@bigbuffer@items=\count295
)
(/usr/local/texlive/2019/texmf-dist/tex/generic/pgf/systemlayer/pgfsysprotocol.
code.tex
File: pgfsysprotocol.code.tex 2019/02/02 v3.1.1 (3.1.1)
)) (/usr/local/texlive/2019/texmf-dist/tex/latex/xcolor/xcolor.sty
Package: xcolor 2016/05/11 v2.12 LaTeX color extensions (UK)

(/usr/local/texlive/2019/texmf-dist/tex/latex/graphics-cfg/color.cfg
File: color.cfg 2016/01/02 v1.6 sample color configuration
)
Package xcolor Info: Driver file: xetex.def on input line 225.
Package xcolor Info: Model `cmy' substituted by `cmy0' on input line 1348.
Package xcolor Info: Model `RGB' extended on input line 1364.
Package xcolor Info: Model `HTML' substituted by `rgb' on input line 1366.
Package xcolor Info: Model `Hsb' substituted by `hsb' on input line 1367.
Package xcolor Info: Model `tHsb' substituted by `hsb' on input line 1368.
Package xcolor Info: Model `HSB' substituted by `hsb' on input line 1369.
Package xcolor Info: Model `Gray' substituted by `gray' on input line 1370.
Package xcolor Info: Model `wave' substituted by `hsb' on input line 1371.
)
(/usr/local/texlive/2019/texmf-dist/tex/generic/pgf/basiclayer/pgfcore.code.tex
Package: pgfcore 2019/02/02 v3.1.1 (3.1.1)
(/usr/local/texlive/2019/texmf-dist/tex/generic/pgf/math/pgfmath.code.tex
(/usr/local/texlive/2019/texmf-dist/tex/generic/pgf/math/pgfmathcalc.code.tex
(/usr/local/texlive/2019/texmf-dist/tex/generic/pgf/math/pgfmathutil.code.tex)
(/usr/local/texlive/2019/texmf-dist/tex/generic/pgf/math/pgfmathparser.code.tex
\pgfmath@dimen=\dimen261
\pgfmath@count=\count296
\pgfmath@box=\box58
\pgfmath@toks=\toks25
\pgfmath@stack@operand=\toks26
\pgfmath@stack@operation=\toks27
)
(/usr/local/texlive/2019/texmf-dist/tex/generic/pgf/math/pgfmathfunctions.code.
tex
(/usr/local/texlive/2019/texmf-dist/tex/generic/pgf/math/pgfmathfunctions.basic
.code.tex)
(/usr/local/texlive/2019/texmf-dist/tex/generic/pgf/math/pgfmathfunctions.trigo
nometric.code.tex)
(/usr/local/texlive/2019/texmf-dist/tex/generic/pgf/math/pgfmathfunctions.rando
m.code.tex)
(/usr/local/texlive/2019/texmf-dist/tex/generic/pgf/math/pgfmathfunctions.compa
rison.code.tex)
(/usr/local/texlive/2019/texmf-dist/tex/generic/pgf/math/pgfmathfunctions.base.
code.tex)
(/usr/local/texlive/2019/texmf-dist/tex/generic/pgf/math/pgfmathfunctions.round
.code.tex)
(/usr/local/texlive/2019/texmf-dist/tex/generic/pgf/math/pgfmathfunctions.misc.
code.tex)
(/usr/local/texlive/2019/texmf-dist/tex/generic/pgf/math/pgfmathfunctions.integ
erarithmetics.code.tex)))
(/usr/local/texlive/2019/texmf-dist/tex/generic/pgf/math/pgfmathfloat.code.tex
\c@pgfmathroundto@lastzeros=\count297
))
(/usr/local/texlive/2019/texmf-dist/tex/generic/pgf/basiclayer/pgfcorepoints.co
de.tex
File: pgfcorepoints.code.tex 2019/02/02 v3.1.1 (3.1.1)
\pgf@picminx=\dimen262
\pgf@picmaxx=\dimen263
\pgf@picminy=\dimen264
\pgf@picmaxy=\dimen265
\pgf@pathminx=\dimen266
\pgf@pathmaxx=\dimen267
\pgf@pathminy=\dimen268
\pgf@pathmaxy=\dimen269
\pgf@xx=\dimen270
\pgf@xy=\dimen271
\pgf@yx=\dimen272
\pgf@yy=\dimen273
\pgf@zx=\dimen274
\pgf@zy=\dimen275
)
(/usr/local/texlive/2019/texmf-dist/tex/generic/pgf/basiclayer/pgfcorepathconst
ruct.code.tex
File: pgfcorepathconstruct.code.tex 2019/02/02 v3.1.1 (3.1.1)
\pgf@path@lastx=\dimen276
\pgf@path@lasty=\dimen277
)
(/usr/local/texlive/2019/texmf-dist/tex/generic/pgf/basiclayer/pgfcorepathusage
.code.tex
File: pgfcorepathusage.code.tex 2019/02/02 v3.1.1 (3.1.1)
\pgf@shorten@end@additional=\dimen278
\pgf@shorten@start@additional=\dimen279
)
(/usr/local/texlive/2019/texmf-dist/tex/generic/pgf/basiclayer/pgfcorescopes.co
de.tex
File: pgfcorescopes.code.tex 2019/02/02 v3.1.1 (3.1.1)
\pgfpic=\box59
\pgf@hbox=\box60
\pgf@layerbox@main=\box61
\pgf@picture@serial@count=\count298
)
(/usr/local/texlive/2019/texmf-dist/tex/generic/pgf/basiclayer/pgfcoregraphicst
ate.code.tex
File: pgfcoregraphicstate.code.tex 2019/02/02 v3.1.1 (3.1.1)
\pgflinewidth=\dimen280
)
(/usr/local/texlive/2019/texmf-dist/tex/generic/pgf/basiclayer/pgfcoretransform
ations.code.tex
File: pgfcoretransformations.code.tex 2019/02/02 v3.1.1 (3.1.1)
\pgf@pt@x=\dimen281
\pgf@pt@y=\dimen282
\pgf@pt@temp=\dimen283
)
(/usr/local/texlive/2019/texmf-dist/tex/generic/pgf/basiclayer/pgfcorequick.cod
e.tex
File: pgfcorequick.code.tex 2019/02/02 v3.1.1 (3.1.1)
)
(/usr/local/texlive/2019/texmf-dist/tex/generic/pgf/basiclayer/pgfcoreobjects.c
ode.tex
File: pgfcoreobjects.code.tex 2019/02/02 v3.1.1 (3.1.1)
)
(/usr/local/texlive/2019/texmf-dist/tex/generic/pgf/basiclayer/pgfcorepathproce
ssing.code.tex
File: pgfcorepathprocessing.code.tex 2019/02/02 v3.1.1 (3.1.1)
)
(/usr/local/texlive/2019/texmf-dist/tex/generic/pgf/basiclayer/pgfcorearrows.co
de.tex
File: pgfcorearrows.code.tex 2019/02/02 v3.1.1 (3.1.1)
\pgfarrowsep=\dimen284
)
(/usr/local/texlive/2019/texmf-dist/tex/generic/pgf/basiclayer/pgfcoreshade.cod
e.tex
File: pgfcoreshade.code.tex 2019/02/02 v3.1.1 (3.1.1)
\pgf@max=\dimen285
\pgf@sys@shading@range@num=\count299
)
(/usr/local/texlive/2019/texmf-dist/tex/generic/pgf/basiclayer/pgfcoreimage.cod
e.tex
File: pgfcoreimage.code.tex 2019/02/02 v3.1.1 (3.1.1)

(/usr/local/texlive/2019/texmf-dist/tex/generic/pgf/basiclayer/pgfcoreexternal.
code.tex
File: pgfcoreexternal.code.tex 2019/02/02 v3.1.1 (3.1.1)
\pgfexternal@startupbox=\box62
))
(/usr/local/texlive/2019/texmf-dist/tex/generic/pgf/basiclayer/pgfcorelayers.co
de.tex
File: pgfcorelayers.code.tex 2019/02/02 v3.1.1 (3.1.1)
)
(/usr/local/texlive/2019/texmf-dist/tex/generic/pgf/basiclayer/pgfcoretranspare
ncy.code.tex
File: pgfcoretransparency.code.tex 2019/02/02 v3.1.1 (3.1.1)
)
(/usr/local/texlive/2019/texmf-dist/tex/generic/pgf/basiclayer/pgfcorepatterns.
code.tex
File: pgfcorepatterns.code.tex 2019/02/02 v3.1.1 (3.1.1)
)
(/usr/local/texlive/2019/texmf-dist/tex/generic/pgf/basiclayer/pgfcorerdf.code.
tex
File: pgfcorerdf.code.tex 2019/02/02 v3.1.1 (3.1.1)
)))
(/usr/local/texlive/2019/texmf-dist/tex/generic/pgf/modules/pgfmoduleshapes.cod
e.tex
File: pgfmoduleshapes.code.tex 2019/02/02 v3.1.1 (3.1.1)
\pgfnodeparttextbox=\box63
)
(/usr/local/texlive/2019/texmf-dist/tex/generic/pgf/modules/pgfmoduleplot.code.
tex
File: pgfmoduleplot.code.tex 2019/02/02 v3.1.1 (3.1.1)
)
(/usr/local/texlive/2019/texmf-dist/tex/latex/pgf/compatibility/pgfcomp-version
-0-65.sty
Package: pgfcomp-version-0-65 2019/02/02 v3.1.1 (3.1.1)
\pgf@nodesepstart=\dimen286
\pgf@nodesepend=\dimen287
)
(/usr/local/texlive/2019/texmf-dist/tex/latex/pgf/compatibility/pgfcomp-version
-1-18.sty
Package: pgfcomp-version-1-18 2019/02/02 v3.1.1 (3.1.1)
))
(/usr/local/texlive/2019/texmf-dist/tex/latex/pgf/utilities/pgffor.sty
(/usr/local/texlive/2019/texmf-dist/tex/latex/pgf/utilities/pgfkeys.sty
(/usr/local/texlive/2019/texmf-dist/tex/generic/pgf/utilities/pgfkeys.code.tex)
) (/usr/local/texlive/2019/texmf-dist/tex/latex/pgf/math/pgfmath.sty
(/usr/local/texlive/2019/texmf-dist/tex/generic/pgf/math/pgfmath.code.tex))
(/usr/local/texlive/2019/texmf-dist/tex/generic/pgf/utilities/pgffor.code.tex
Package: pgffor 2019/02/02 v3.1.1 (3.1.1)

(/usr/local/texlive/2019/texmf-dist/tex/generic/pgf/math/pgfmath.code.tex)
\pgffor@iter=\dimen288
\pgffor@skip=\dimen289
\pgffor@stack=\toks28
\pgffor@toks=\toks29
))
(/usr/local/texlive/2019/texmf-dist/tex/generic/pgf/frontendlayer/tikz/tikz.cod
e.tex
Package: tikz 2019/02/02 v3.1.1 (3.1.1)

(/usr/local/texlive/2019/texmf-dist/tex/generic/pgf/libraries/pgflibraryplothan
dlers.code.tex
File: pgflibraryplothandlers.code.tex 2019/02/02 v3.1.1 (3.1.1)
\pgf@plot@mark@count=\count300
\pgfplotmarksize=\dimen290
)
\tikz@lastx=\dimen291
\tikz@lasty=\dimen292
\tikz@lastxsaved=\dimen293
\tikz@lastysaved=\dimen294
\tikzleveldistance=\dimen295
\tikzsiblingdistance=\dimen296
\tikz@figbox=\box64
\tikz@figbox@bg=\box65
\tikz@tempbox=\box66
\tikz@tempbox@bg=\box67
\tikztreelevel=\count301
\tikznumberofchildren=\count302
\tikznumberofcurrentchild=\count303
\tikz@fig@count=\count304

(/usr/local/texlive/2019/texmf-dist/tex/generic/pgf/modules/pgfmodulematrix.cod
e.tex
File: pgfmodulematrix.code.tex 2019/02/02 v3.1.1 (3.1.1)
\pgfmatrixcurrentrow=\count305
\pgfmatrixcurrentcolumn=\count306
\pgf@matrix@numberofcolumns=\count307
)
\tikz@expandcount=\count308

(/usr/local/texlive/2019/texmf-dist/tex/generic/pgf/frontendlayer/tikz/librarie
s/tikzlibrarytopaths.code.tex
File: tikzlibrarytopaths.code.tex 2019/02/02 v3.1.1 (3.1.1)
)))
(/usr/local/texlive/2019/texmf-dist/tex/latex/titlesec/titletoc.sty
Package: titletoc 2011/12/15 v1.6 TOC entries
\ttl@leftsep=\dimen297
)
(/usr/local/texlive/2019/texmf-dist/tex/latex/caption/caption.sty
Package: caption 2018/10/06 v3.3-154 Customizing captions (AR)

(/usr/local/texlive/2019/texmf-dist/tex/latex/caption/caption3.sty
Package: caption3 2018/09/12 v1.8c caption3 kernel (AR)
Package caption3 Info: TeX engine: e-TeX on input line 64.
\captionmargin=\dimen298
\captionmargin@=\dimen299
\captionwidth=\dimen300
\caption@tempdima=\dimen301
\caption@indent=\dimen302
\caption@parindent=\dimen303
\caption@hangindent=\dimen304
)
\c@caption@flags=\count309
\c@ContinuedFloat=\count310
Package caption Info: hyperref package is loaded.
)
(/usr/local/texlive/2019/texmf-dist/tex/latex/natbib/natbib.sty
Package: natbib 2010/09/13 8.31b (PWD, AO)
\bibhang=\skip65
\bibsep=\skip66
LaTeX Info: Redefining \cite on input line 694.
\c@NAT@ctr=\count311
))
(./ustcextra.sty
Package: ustcextra 

(/usr/local/texlive/2019/texmf-dist/tex/latex/amsmath/amsmath.sty
Package: amsmath 2018/12/01 v2.17b AMS math features
\@mathmargin=\skip67

For additional information on amsmath, use the `?' option.
(/usr/local/texlive/2019/texmf-dist/tex/latex/amsmath/amstext.sty
Package: amstext 2000/06/29 v2.01 AMS text

(/usr/local/texlive/2019/texmf-dist/tex/latex/amsmath/amsgen.sty
File: amsgen.sty 1999/11/30 v2.0 generic functions
\@emptytoks=\toks30
\ex@=\dimen305
))
(/usr/local/texlive/2019/texmf-dist/tex/latex/amsmath/amsbsy.sty
Package: amsbsy 1999/11/29 v1.2d Bold Symbols
\pmbraise@=\dimen306
)
(/usr/local/texlive/2019/texmf-dist/tex/latex/amsmath/amsopn.sty
Package: amsopn 2016/03/08 v2.02 operator names
)
\inf@bad=\count312
LaTeX Info: Redefining \frac on input line 223.
\uproot@=\count313
\leftroot@=\count314
LaTeX Info: Redefining \overline on input line 385.
\classnum@=\count315
\DOTSCASE@=\count316
LaTeX Info: Redefining \ldots on input line 482.
LaTeX Info: Redefining \dots on input line 485.
LaTeX Info: Redefining \cdots on input line 606.
\Mathstrutbox@=\box68
\strutbox@=\box69
\big@size=\dimen307
LaTeX Font Info:    Redeclaring font encoding OML on input line 729.
LaTeX Font Info:    Redeclaring font encoding OMS on input line 730.
\macc@depth=\count317
\c@MaxMatrixCols=\count318
\dotsspace@=\muskip18
\c@parentequation=\count319
\dspbrk@lvl=\count320
\tag@help=\toks31
\row@=\count321
\column@=\count322
\maxfields@=\count323
\andhelp@=\toks32
\eqnshift@=\dimen308
\alignsep@=\dimen309
\tagshift@=\dimen310
\tagwidth@=\dimen311
\totwidth@=\dimen312
\lineht@=\dimen313
\@envbody=\toks33
\multlinegap=\skip68
\multlinetaggap=\skip69
\mathdisplay@stack=\toks34
LaTeX Info: Redefining \[ on input line 2844.
LaTeX Info: Redefining \] on input line 2845.
)
(/usr/local/texlive/2019/texmf-dist/tex/latex/amscls/amsthm.sty
Package: amsthm 2017/10/31 v2.20.4
\thm@style=\toks35
\thm@bodyfont=\toks36
\thm@headfont=\toks37
\thm@notefont=\toks38
\thm@headpunct=\toks39
\thm@preskip=\skip70
\thm@postskip=\skip71
\thm@headsep=\skip72
\dth@everypar=\toks40
)
(/usr/local/texlive/2019/texmf-dist/tex/latex/amsfonts/amssymb.sty
Package: amssymb 2013/01/14 v3.01 AMS font symbols

(/usr/local/texlive/2019/texmf-dist/tex/latex/amsfonts/amsfonts.sty
Package: amsfonts 2013/01/14 v3.01 Basic AMSFonts support
\symAMSa=\mathgroup4
\symAMSb=\mathgroup5
LaTeX Font Info:    Overwriting math alphabet `\mathfrak' in version `bold'
(Font)                  U/euf/m/n --> U/euf/b/n on input line 106.
))
\c@theorem=\count324
\c@definition=\count325
\c@example=\count326

(/usr/local/texlive/2019/texmf-dist/tex/latex/booktabs/booktabs.sty
Package: booktabs 2016/04/27 v1.618033 publication quality tables
\heavyrulewidth=\dimen314
\lightrulewidth=\dimen315
\cmidrulewidth=\dimen316
\belowrulesep=\dimen317
\belowbottomsep=\dimen318
\aboverulesep=\dimen319
\abovetopsep=\dimen320
\cmidrulesep=\dimen321
\cmidrulekern=\dimen322
\defaultaddspace=\dimen323
\@cmidla=\count327
\@cmidlb=\count328
\@aboverulesep=\dimen324
\@belowrulesep=\dimen325
\@thisruleclass=\count329
\@lastruleclass=\count330
\@thisrulewidth=\dimen326
)
(/usr/local/texlive/2019/texmf-dist/tex/latex/tools/longtable.sty
Package: longtable 2014/10/28 v4.11 Multi-page Table package (DPC)+ FMi change
\LTleft=\skip73
\LTright=\skip74
\LTpre=\skip75
\LTpost=\skip76
\LTchunksize=\count331
\LTcapwidth=\dimen327
\LT@head=\box70
\LT@firsthead=\box71
\LT@foot=\box72
\LT@lastfoot=\box73
\LT@cols=\count332
\LT@rows=\count333
\c@LT@tables=\count334
\c@LT@chunks=\count335
\LT@p@ftn=\toks41
)
(/usr/local/texlive/2019/texmf-dist/tex/latex/algorithm2e/algorithm2e.sty
Invalid UTF-8 byte or sequence at line 284 replaced by U+FFFD.
Invalid UTF-8 byte or sequence at line 299 replaced by U+FFFD.
Invalid UTF-8 byte or sequence at line 550 replaced by U+FFFD.
Package: algorithm2e 2017/07/18 v5.2 algorithms environments
\c@AlgoLine=\count336

(/usr/local/texlive/2019/texmf-dist/tex/latex/base/ifthen.sty
Package: ifthen 2014/09/29 v1.1c Standard LaTeX ifthen package (DPC)
)
\algocf@hangindent=\skip77

(/usr/local/texlive/2019/texmf-dist/tex/latex/ifoddpage/ifoddpage.sty
Package: ifoddpage 2016/04/23 v1.1 Conditionals for odd/even page detection
\c@checkoddpage=\count337
)
(/usr/local/texlive/2019/texmf-dist/tex/latex/tools/xspace.sty
Package: xspace 2014/10/28 v1.13 Space after command names (DPC,MH)
)
(/usr/local/texlive/2019/texmf-dist/tex/latex/relsize/relsize.sty
Package: relsize 2013/03/29 ver 4.1
)
\skiptotal=\skip78
\skiplinenumber=\skip79
\skiprule=\skip80
\skiphlne=\skip81
\skiptext=\skip82
\skiplength=\skip83
\algomargin=\skip84
\skipalgocfslide=\skip85
\algowidth=\dimen328
\inoutsize=\dimen329
\inoutindent=\dimen330
\interspacetitleruled=\dimen331
\interspacealgoruled=\dimen332
\interspacetitleboxruled=\dimen333
\algocf@ruledwidth=\skip86
\algocf@inoutbox=\box74
\algocf@inputbox=\box75
\AlCapSkip=\skip87
\AlCapHSkip=\skip88
\algoskipindent=\skip89
\algocf@nlbox=\box76
\algocf@hangingbox=\box77
\algocf@untilbox=\box78
\algocf@skipuntil=\skip90
\algocf@capbox=\box79
\algocf@lcaptionbox=\skip91
\algoheightruledefault=\skip92
\algoheightrule=\skip93
\algotitleheightruledefault=\skip94
\algotitleheightrule=\skip95
\c@algocfline=\count338
\c@algocfproc=\count339
\c@algocf=\count340
\algocf@algoframe=\box80
\algocf@algobox=\box81
)
(/usr/local/texlive/2019/texmf-dist/tex/latex/listings/listings.sty
\lst@mode=\count341
\lst@gtempboxa=\box82
\lst@token=\toks42
\lst@length=\count342
\lst@currlwidth=\dimen334
\lst@column=\count343
\lst@pos=\count344
\lst@lostspace=\dimen335
\lst@width=\dimen336
\lst@newlines=\count345
\lst@lineno=\count346
\lst@maxwidth=\dimen337

(/usr/local/texlive/2019/texmf-dist/tex/latex/listings/lstmisc.sty
File: lstmisc.sty 2019/02/27 1.8b (Carsten Heinz)
\c@lstnumber=\count347
\lst@skipnumbers=\count348
\lst@framebox=\box83
)
(/usr/local/texlive/2019/texmf-dist/tex/latex/listings/listings.cfg
File: listings.cfg 2019/02/27 1.8b listings configuration
))
Package: listings 2019/02/27 1.8b (Carsten Heinz)
)
(/usr/local/texlive/2019/texmf-dist/tex/xelatex/xecjk/xeCJK-listings.sty
Package: xeCJK-listings 2019/04/07 v3.7.2 xeCJK patch file for listings
\l__xeCJK_listings_max_char_int=\count349
\l__xeCJK_listings_flag_int=\count350
)

LaTeX Warning: Unused global option(s):
    [bachelor].

(./main.aux)
\openout1 = `main.aux'.

LaTeX Font Info:    Checking defaults for OML/cmm/m/it on input line 25.
LaTeX Font Info:    ... okay on input line 25.
LaTeX Font Info:    Checking defaults for T1/cmr/m/n on input line 25.
LaTeX Font Info:    ... okay on input line 25.
LaTeX Font Info:    Checking defaults for OT1/cmr/m/n on input line 25.
LaTeX Font Info:    ... okay on input line 25.
LaTeX Font Info:    Checking defaults for OMS/cmsy/m/n on input line 25.
LaTeX Font Info:    ... okay on input line 25.
LaTeX Font Info:    Checking defaults for TU/lmr/m/n on input line 25.
LaTeX Font Info:    ... okay on input line 25.
LaTeX Font Info:    Checking defaults for OMX/cmex/m/n on input line 25.
LaTeX Font Info:    ... okay on input line 25.
LaTeX Font Info:    Checking defaults for U/cmr/m/n on input line 25.
LaTeX Font Info:    ... okay on input line 25.
LaTeX Font Info:    Checking defaults for TS1/cmr/m/n on input line 25.
LaTeX Font Info:    ... okay on input line 25.
LaTeX Font Info:    Checking defaults for PD1/pdf/m/n on input line 25.
LaTeX Font Info:    ... okay on input line 25.
LaTeX Font Info:    Checking defaults for PU/pdf/m/n on input line 25.
LaTeX Font Info:    ... okay on input line 25.
 ABD: EverySelectfont initializing macros
LaTeX Info: Redefining \selectfont on input line 25.
\AtBeginShipoutBox=\box84
Package hyperref Info: Link coloring OFF on input line 25.

(/usr/local/texlive/2019/texmf-dist/tex/latex/hyperref/nameref.sty
Package: nameref 2016/05/21 v2.44 Cross-referencing by name of section

(/usr/local/texlive/2019/texmf-dist/tex/generic/oberdiek/gettitlestring.sty
Package: gettitlestring 2016/05/16 v1.5 Cleanup title references (HO)
)
\c@section@level=\count351
)
LaTeX Info: Redefining \ref on input line 25.
LaTeX Info: Redefining \pageref on input line 25.
LaTeX Info: Redefining \nameref on input line 25.

(./main.out) (./main.out)
\@outlinefile=\write4
\openout4 = `main.out'.


*geometry* driver: auto-detecting
*geometry* detected driver: xetex
*geometry* verbose mode - [ preamble ] result:
* driver: xetex
* paper: a4paper
* layout: <same size as paper>
* layoutoffset:(h,v)=(0.0pt,0.0pt)
* modes: 
* h-part:(L,W,R)=(90.19518pt, 417.11752pt, 90.19518pt)
* v-part:(T,H,B)=(72.2698pt, 700.50723pt, 72.2698pt)
* \paperwidth=597.50787pt
* \paperheight=845.04684pt
* \textwidth=417.11752pt
* \textheight=700.50723pt
* \oddsidemargin=17.92519pt
* \evensidemargin=17.92519pt
* \topmargin=-21.05537pt
* \headheight=0.0pt
* \headsep=21.05519pt
* \topskip=12.0pt
* \footskip=22.47748pt
* \marginparwidth=38.0pt
* \marginparsep=7.0pt
* \columnsep=10.0pt
* \skip\footins=10.8pt plus 4.0pt minus 2.0pt
* \hoffset=0.0pt
* \voffset=0.0pt
* \mag=1000
* \@twocolumnfalse
* \@twosidefalse
* \@mparswitchfalse
* \@reversemarginfalse
* (1in=72.27pt=25.4mm, 1cm=28.453pt)

ABD: EveryShipout initializing macros
Package caption Info: Begin \AtBeginDocument code.
Package caption Info: listings package is loaded.
Package caption Info: longtable package is loaded.

(/usr/local/texlive/2019/texmf-dist/tex/latex/caption/ltcaption.sty
Package: ltcaption 2018/08/26 v1.4-95 longtable captions (AR)
)
Package caption Info: End \AtBeginDocument code.
\c@lstlisting=\count352
LaTeX Font Info:    Try loading font information for U+msa on input line 36.

(/usr/local/texlive/2019/texmf-dist/tex/latex/amsfonts/umsa.fd
File: umsa.fd 2013/01/14 v3.01 AMS symbols A
)
LaTeX Font Info:    Try loading font information for U+msb on input line 36.

(/usr/local/texlive/2019/texmf-dist/tex/latex/amsfonts/umsb.fd
File: umsb.fd 2013/01/14 v3.01 AMS symbols B
) [1


]
(./chapters/abstract.tex

Package fontspec Info: Could not resolve font "PingFang SC/I" (it probably
(fontspec)             doesn't exist).


Package fontspec Info: Font family 'PingFangSC(0)' created for font 'PingFang
(fontspec)             SC' with options [Script={CJK}].
(fontspec)              
(fontspec)              This font family consists of the following NFSS
(fontspec)             series/shapes:
(fontspec)              
(fontspec)             - 'normal' (m/n) with NFSS spec.: <->"PingFang
(fontspec)             SC/OT:script=hani;language=DFLT;"
(fontspec)             - 'small caps'  (m/sc) with NFSS spec.: 
(fontspec)             - 'bold' (bx/n) with NFSS spec.: <->"PingFang
(fontspec)             SC/B/OT:script=hani;language=DFLT;"
(fontspec)             - 'bold small caps'  (bx/sc) with NFSS spec.: 
(fontspec)             - 'bold italic' (bx/it) with NFSS spec.: <->"PingFang
(fontspec)             SC/BI/OT:script=hani;language=DFLT;"
(fontspec)             - 'bold italic small caps'  (bx/itsc) with NFSS spec.: 

)
Overfull \vbox (7.00114pt too high) has occurred while \output is active []


[1


] (./main.toc
Overfull \vbox (7.00114pt too high) has occurred while \output is active []


[1


])
\tf@toc=\write5
\openout5 = `main.toc'.


Overfull \vbox (7.00114pt too high) has occurred while \output is active []


[2] (./main.lof)
\tf@lof=\write6
\openout6 = `main.lof'.


Overfull \vbox (7.00114pt too high) has occurred while \output is active []


[3

] (./main.lot)
\tf@lot=\write7
\openout7 = `main.lot'.


Overfull \vbox (7.00114pt too high) has occurred while \output is active []


[4

] (./chapters/intro.tex
1
) (./chapters/overview.tex
Overfull \vbox (7.00114pt too high) has occurred while \output is active []


[5


]
2

Overfull \vbox (7.00114pt too high) has occurred while \output is active []


[6

]
Overfull \vbox (7.00114pt too high) has occurred while \output is active []


[7]) (./chapters/concrete_requirement.tex
Overfull \vbox (7.00114pt too high) has occurred while \output is active []


[8]
3

Overfull \vbox (7.00114pt too high) has occurred while \output is active []


[9

]
Overfull \vbox (7.00114pt too high) has occurred while \output is active []


[10]
Overfull \vbox (7.00114pt too high) has occurred while \output is active []


[11]
Overfull \vbox (7.00114pt too high) has occurred while \output is active []


[12]
Overfull \vbox (7.00114pt too high) has occurred while \output is active []


[13]
Overfull \vbox (7.00114pt too high) has occurred while \output is active []


[14]) (./chapters/design_constraint.tex
Overfull \vbox (7.00114pt too high) has occurred while \output is active []


[15]
4
) (./chapters/quality_characteristics.tex
Overfull \vbox (7.00114pt too high) has occurred while \output is active []


[16

]
5
) (./chapters/others.tex
Overfull \vbox (7.00114pt too high) has occurred while \output is active []


[17

]
6
) (./chapters/dependency.tex
Overfull \vbox (7.00114pt too high) has occurred while \output is active []


[18

]
7
) (./chapters/importance_of_requirements.tex
Overfull \vbox (7.00114pt too high) has occurred while \output is active []


[19

]
8
) (./chapters/to_be_determined.tex
Overfull \vbox (7.00114pt too high) has occurred while \output is active []


[20

]
9

Overfull \hbox (23.8567pt too wide) in paragraph at lines 5--22
 [][] 
 []

) (./chapters/latex_examples.tex
Overfull \vbox (7.00114pt too high) has occurred while \output is active []


[21

]
10
File: figures/ustc_logo_fig.pdf Graphic file (type pdf)
<use figures/ustc_logo_fig.pdf>
File: figures/ustc_logo_fig.pdf Graphic file (type pdf)
<use figures/ustc_logo_fig.pdf>

Overfull \vbox (7.00114pt too high) has occurred while \output is active []


[22

]
Overfull \vbox (7.00114pt too high) has occurred while \output is active []


[23]
Overfull \vbox (7.00114pt too high) has occurred while \output is active []


[24]

Package fontspec Warning: Font "STFangsong" does not contain requested Script
(fontspec)                "CJK".


Package fontspec Info: Could not resolve font "STFangsong/BI" (it probably
(fontspec)             doesn't exist).


Package fontspec Info: Could not resolve font "STFangsong/B" (it probably
(fontspec)             doesn't exist).


Package fontspec Info: Could not resolve font "STFangsong/I" (it probably
(fontspec)             doesn't exist).


Package fontspec Info: Font family 'STFangsong(0)' created for font
(fontspec)             'STFangsong' with options [Script={CJK}].
(fontspec)              
(fontspec)              This font family consists of the following NFSS
(fontspec)             series/shapes:
(fontspec)              
(fontspec)             - 'normal' (m/n) with NFSS spec.: <->"STFangsong/OT"
(fontspec)             - 'small caps'  (m/sc) with NFSS spec.: 


LaTeX Warning: Reference `first-code' on page 25 undefined on input line 155.

(/usr/local/texlive/2019/texmf-dist/tex/latex/listings/lstlang1.sty
File: lstlang1.sty 2019/02/27 1.8b listings language file
)
(/usr/local/texlive/2019/texmf-dist/tex/latex/listings/lstmisc.sty
File: lstmisc.sty 2019/02/27 1.8b (Carsten Heinz)
)
Package hyperref Info: bookmark level for unknown lstlisting defaults to 0 on i
nput line 156.

Overfull \vbox (7.00114pt too high) has occurred while \output is active []


[25]
Overfull \vbox (7.00114pt too high) has occurred while \output is active []


[26]
Overfull \vbox (7.00114pt too high) has occurred while \output is active []


[27]
Overfull \hbox (14.8471pt too wide) in paragraph at lines 230--241
[] 
 []

) (./main.bbl
Overfull \vbox (7.00114pt too high) has occurred while \output is active []


[28]
Overfull \vbox (7.00114pt too high) has occurred while \output is active []


[29


]) (./chapters/appendixA.tex
 A
) (./chapters/appendixB.tex
Overfull \vbox (7.00114pt too high) has occurred while \output is active []


[30


]
 B

Overfull \vbox (7.00114pt too high) has occurred while \output is active []


[31

])
Overfull \vbox (7.00114pt too high) has occurred while \output is active []


[32]
Package atveryend Info: Empty hook `BeforeClearDocument' on input line 75.
Package atveryend Info: Empty hook `AfterLastShipout' on input line 75.
 (./main.aux)
Package atveryend Info: Empty hook `AtVeryEndDocument' on input line 75.
Package atveryend Info: Executing hook `AtEndAfterFileList' on input line 75.
Package rerunfilecheck Info: File `main.out' has not changed.
(rerunfilecheck)             Checksum: DB33C4B676CF63E2CB9A4AEF85501782.


LaTeX Warning: There were undefined references.

Package atveryend Info: Empty hook `AtVeryVeryEnd' on input line 75.
 ) 
Here is how much of TeX's memory you used:
 39861 strings out of 492922
 808109 string characters out of 6133408
 1048462 words of memory out of 5000000
 43263 multiletter control sequences out of 15000+600000
 545812 words of font info for 151 fonts, out of 8000000 for 9000
 1348 hyphenation exceptions out of 8191
 65i,18n,75p,676b,1119s stack positions out of 5000i,500n,10000p,200000b,80000s

Output written on main.xdv (34 pages, 474356 bytes).
